<?xml version="1.0" encoding="utf-8"?><testsuites name="pytest tests"><testsuite name="pytest" errors="0" failures="0" skipped="0" tests="22" time="9.671" timestamp="2026-07-28T21:53:50.068563+00:00" hostname="agent-env-674befe2-36b4-452f-8827-140ca752c156"><testcase classname="tests.test_component_detector" name="test_root_health" time="0.194" /><testcase classname="tests.test_component_detector" name="test_register_and_me" time="0.445" /><testcase classname="tests.test_component_detector" name="test_register_duplicate" time="0.056" /><testcase classname="tests.test_component_detector" name="test_login_success_and_wrong_password" time="0.562" /><testcase classname="tests.test_component_detector" name="test_me_requires_auth" time="0.122" /><testcase classname="tests.test_component_detector" name="test_google_session_missing_id" time="0.059" /><testcase classname="tests.test_component_detector" name="test_google_session_invalid_id" time="0.128" /><testcase classname="tests.test_component_detector" name="test_bearer_token_works" time="0.140" /><testcase classname="tests.test_component_detector" name="test_analyze_requires_auth" time="0.138" /><testcase classname="tests.test_component_detector" name="test_analyze_returns_expected_shape" time="3.285" /><testcase classname="tests.test_component_detector" name="test_analyze_name_not_placeholder" time="0.000" /><testcase classname="tests.test_component_detector" name="test_analyze_price_is_euros" time="0.000" /><testcase classname="tests.test_component_detector" name="test_files_endpoint_serves_image" time="0.749" /><testcase classname="tests.test_component_detector" name="test_files_requires_auth" time="0.147" /><testcase classname="tests.test_component_detector" name="test_history_contains_own_item" time="0.060" /><testcase classname="tests.test_component_detector" name="test_history_isolated_per_user" time="0.403" /><testcase classname="tests.test_component_detector" name="test_offers_generates_four_realistic" time="2.560" /><testcase classname="tests.test_component_detector" name="test_offers_requires_ownership" time="0.067" /><testcase classname="tests.test_component_detector" name="test_update_persists" time="0.119" /><testcase classname="tests.test_component_detector" name="test_update_other_user_forbidden" time="0.061" /><testcase classname="tests.test_component_detector" name="test_delete_own_and_404_when_missing" time="0.180" /><testcase classname="tests.test_component_detector" name="test_logout_clears_session" time="0.115" /></testsuite></testsuites>