<?xml version="1.0" encoding="utf-8"?><testsuites name="pytest tests"><testsuite name="pytest" errors="0" failures="0" skipped="0" tests="34" time="19.978" timestamp="2026-07-28T22:24:47.407804+00:00" hostname="agent-env-674befe2-36b4-452f-8827-140ca752c156"><testcase classname="tests.test_component_detector" name="test_root_health" time="0.258" /><testcase classname="tests.test_component_detector" name="test_register_and_me" time="0.398" /><testcase classname="tests.test_component_detector" name="test_register_duplicate" time="0.080" /><testcase classname="tests.test_component_detector" name="test_login_success_and_wrong_password" time="0.580" /><testcase classname="tests.test_component_detector" name="test_me_requires_auth" time="0.131" /><testcase classname="tests.test_component_detector" name="test_google_session_missing_id" time="0.073" /><testcase classname="tests.test_component_detector" name="test_google_session_invalid_id" time="0.230" /><testcase classname="tests.test_component_detector" name="test_bearer_token_works" time="0.114" /><testcase classname="tests.test_component_detector" name="test_analyze_requires_auth" time="0.141" /><testcase classname="tests.test_component_detector" name="test_analyze_returns_expected_shape" time="3.290" /><testcase classname="tests.test_component_detector" name="test_analyze_name_not_placeholder" time="0.000" /><testcase classname="tests.test_component_detector" name="test_analyze_price_is_euros" time="0.000" /><testcase classname="tests.test_component_detector" name="test_files_endpoint_serves_image" time="0.766" /><testcase classname="tests.test_component_detector" name="test_files_requires_auth" time="0.139" /><testcase classname="tests.test_component_detector" name="test_history_contains_own_item" time="0.062" /><testcase classname="tests.test_component_detector" name="test_history_isolated_per_user" time="0.452" /><testcase classname="tests.test_component_detector" name="test_offers_generates_four_realistic" time="2.899" /><testcase classname="tests.test_component_detector" name="test_offers_requires_ownership" time="0.063" /><testcase classname="tests.test_component_detector" name="test_update_persists" time="0.129" /><testcase classname="tests.test_component_detector" name="test_update_other_user_forbidden" time="0.059" /><testcase classname="tests.test_component_detector" name="test_delete_own_and_404_when_missing" time="0.183" /><testcase classname="tests.test_component_detector" name="test_logout_clears_session" time="0.116" /><testcase classname="tests.test_component_detector" name="test_stats_requires_auth" time="0.122" /><testcase classname="tests.test_component_detector" name="test_stats_returns_expected_shape" time="3.847" /><testcase classname="tests.test_component_detector" name="test_favorite_toggle_persists_and_updates_stats" time="0.299" /><testcase classname="tests.test_component_detector" name="test_update_price_recomputes_price_value" time="0.062" /><testcase classname="tests.test_component_detector" name="test_demo_endpoint_analyzes_sample" time="3.628" /><testcase classname="tests.test_component_detector" name="test_demo_requires_auth" time="0.193" /><testcase classname="tests.test_component_detector" name="test_share_returns_share_id_and_is_stable" time="0.121" /><testcase classname="tests.test_component_detector" name="test_share_other_user_forbidden" time="0.069" /><testcase classname="tests.test_component_detector" name="test_public_component_is_readable_without_auth" time="0.176" /><testcase classname="tests.test_component_detector" name="test_public_component_unknown_share_id_404" time="0.117" /><testcase classname="tests.test_component_detector" name="test_public_image_serves_bytes_without_auth" time="0.490" /><testcase classname="tests.test_component_detector" name="test_public_image_unknown_share_id_404" time="0.116" /></testsuite></testsuites>